<?xml version="1.0" encoding="UTF-8"?>
<!-- Generated by org.testng.reporters.JUnitXMLReporter -->
<testsuite ignored="1" hostname="MSI" failures="0" tests="1" name="Test1" time="0.11" errors="0" timestamp="2025-01-21T09:59:50 ICT">
  <testcase classname="chixinhcoding.a1_firstpackage.firstclass" name="secondMethod" time="0.028"/>
  <testcase classname="chixinhcoding.a1_firstpackage.firstclass" name="firstMethod" time="0.0">
    <ignored/>
  </testcase> <!-- firstMethod -->
</testsuite> <!-- Test1 -->
