<?xml version="1.0" encoding="UTF-8"?>
<testng-results ignored="1" total="2" passed="1" failed="0" skipped="0">
  <reporter-output>
  </reporter-output>
  <suite started-at="2025-01-21T09:59:50 ICT" name="Suite" finished-at="2025-01-21T09:59:50 ICT" duration-ms="110">
    <groups>
    </groups>
    <test started-at="2025-01-21T09:59:50 ICT" name="Test1" finished-at="2025-01-21T09:59:50 ICT" duration-ms="110">
      <class name="chixinhcoding.a1_firstpackage.firstclass">
        <test-method signature="secondMethod()[pri:0, instance:chixinhcoding.a1_firstpackage.firstclass@222114ba]" started-at="2025-01-21T09:59:50 ICT" name="secondMethod" finished-at="2025-01-21T09:59:50 ICT" duration-ms="28" status="PASS">
          <reporter-output>
          </reporter-output>
        </test-method> <!-- secondMethod -->
      </class> <!-- chixinhcoding.a1_firstpackage.firstclass -->
    </test> <!-- Test1 -->
  </suite> <!-- Suite -->
</testng-results>
